Log file open, 04/11/18 22:38:27
LogWindows: Failed to load 'aqProf.dll' (GetLastError=126)
LogWindows: File 'aqProf.dll' does not exist
LogWindows: Failed to load 'VtuneApi.dll' (GetLastError=126)
LogWindows: File 'VtuneApi.dll' does not exist
LogWindows: Failed to load 'VtuneApi32e.dll' (GetLastError=126)
LogWindows: File 'VtuneApi32e.dll' does not exist
LogInit: Display: Running engine for game: ProLessWeight
LogPlatformFile: Not using cached read wrapper
LogInit: Display: RandInit(970812089) SRandInit(970812090).
LogInit: Read version file with build ID '3944462'
LogInit: Overriding engine version to CL 3944462, compatible CL 3944462
LogInit: Registered custom module enumerator with build ID '3944462'
LogTaskGraph: Started task graph with 5 named threads and 23 total threads with 3 sets of task threads.
LogStats: Stats thread started at 0.284449
LogD3D11RHI: Aftermath initialized
LogICUInternationalization: Display: ICU TimeZone Detection - Raw Offset: +3:00, Platform Override: ''
LogPluginManager: Mounting plugin Paper2D
LogPluginManager: Mounting plugin LiveLink
LogPluginManager: Mounting plugin LightPropagationVolume
LogPluginManager: Mounting plugin CLionSourceCodeAccess
LogPluginManager: Mounting plugin CodeLiteSourceCodeAccess
LogPluginManager: Mounting plugin GitSourceControl
LogPluginManager: Mounting plugin KDevelopSourceCodeAccess
LogPluginManager: Mounting plugin NullSourceCodeAccess
LogPluginManager: Mounting plugin PerforceSourceControl
LogPluginManager: Mounting plugin SubversionSourceControl
LogPluginManager: Mounting plugin UObjectPlugin
LogPluginManager: Mounting plugin VisualStudioCodeSourceCodeAccess
LogPluginManager: Mounting plugin VisualStudioSourceCodeAccess
LogPluginManager: Mounting plugin XCodeSourceCodeAccess
LogPluginManager: Mounting plugin AssetManagerEditor
LogPluginManager: Mounting plugin CryptoKeys
LogPluginManager: Mounting plugin DataValidation
LogPluginManager: Mounting plugin FacialAnimation
LogPluginManager: Mounting plugin GameplayTagsEditor
LogPluginManager: Mounting plugin MobileLauncherProfileWizard
LogPluginManager: Mounting plugin PluginBrowser
LogPluginManager: Mounting plugin SpeedTreeImporter
LogPluginManager: Mounting plugin DatasmithContent
LogPluginManager: Mounting plugin AlembicImporter
LogPluginManager: Mounting plugin CharacterAI
LogPluginManager: Mounting plugin HTML5Networking
LogPluginManager: Mounting plugin AndroidMedia
LogPluginManager: Mounting plugin AvfMedia
LogPluginManager: Mounting plugin ImgMedia
LogPluginManager: Mounting plugin LinearTimecode
LogPluginManager: Mounting plugin MediaCompositing
LogPluginManager: Mounting plugin MediaPlayerEditor
LogPluginManager: Mounting plugin WmfMedia
LogPluginManager: Mounting plugin TcpMessaging
LogPluginManager: Mounting plugin UdpMessaging
LogPluginManager: Mounting plugin ActorSequence
LogPluginManager: Mounting plugin LevelSequenceEditor
LogPluginManager: Mounting plugin MatineeToLevelSequence
LogPluginManager: Mounting plugin NetcodeUnitTest
LogPluginManager: Mounting plugin NUTUnrealEngine4
LogPluginManager: Mounting plugin OnlineSubsystemGooglePlay
LogPluginManager: Mounting plugin OnlineSubsystemIOS
LogPluginManager: Mounting plugin OnlineSubsystem
LogPluginManager: Mounting plugin OnlineSubsystemNull
LogPluginManager: Mounting plugin OnlineSubsystemUtils
LogPluginManager: Mounting plugin AndroidDeviceProfileSelector
LogPluginManager: Mounting plugin AndroidMoviePlayer
LogPluginManager: Mounting plugin AndroidPermission
LogPluginManager: Mounting plugin AppleARKit
LogPluginManager: Mounting plugin AppleMoviePlayer
LogPluginManager: Mounting plugin ArchVisCharacter
LogPluginManager: Mounting plugin AudioCapture
LogPluginManager: Mounting plugin CableComponent
LogPluginManager: Mounting plugin CustomMeshComponent
LogPluginManager: Mounting plugin ExampleDeviceProfileSelector
LogPluginManager: Mounting plugin GoogleCloudMessaging
LogPluginManager: Mounting plugin ImmediatePhysics
LogPluginManager: Mounting plugin IOSDeviceProfileSelector
LogPluginManager: Mounting plugin LinuxDeviceProfileSelector
LogPluginManager: Mounting plugin LocationServicesBPLibrary
LogPluginManager: Mounting plugin MobilePatchingUtils
LogPluginManager: Mounting plugin OculusVR
LogPluginManager: Plugin shader directory ../../../Engine/Plugins/Runtime/Oculus/OculusVR/Shaders found
LogPluginManager: Mapping shader source directory ../../../Engine/Plugins/Runtime/Oculus/OculusVR/Shaders to virtual directory /Plugin/OculusVR
LogPluginManager: Mounting plugin PhysXVehicles
LogPluginManager: Mounting plugin ProceduralMeshComponent
LogPluginManager: Mounting plugin RuntimePhysXCooking
LogPluginManager: Mounting plugin SteamVR
LogPluginManager: Mounting plugin WindowsMoviePlayer
LogStreaming: Display: Took  0.093s to configure plugins.
LogModuleManager: Display: Found up-to-date module file D:/DARKROOM/ProLessWeight/Binaries/Win64/UE4Editor-ProLessWeight.dll (API version 3944462).
LogModuleManager: Display: Found up-to-date module file ../../../Engine/Plugins/2D/Paper2D/Binaries/Win64/UE4Editor-Paper2D.dll (API version 3944462).
LogModuleManager: Display: Found up-to-date module file ../../../Engine/Plugins/2D/Paper2D/Binaries/Win64/UE4Editor-Paper2DEditor.dll (API version 3944462).
LogModuleManager: Display: Found up-to-date module file ../../../Engine/Plugins/2D/Paper2D/Binaries/Win64/UE4Editor-PaperSpriteSheetImporter.dll (API version 3944462).
LogModuleManager: Display: Found up-to-date module file ../../../Engine/Plugins/2D/Paper2D/Binaries/Win64/UE4Editor-PaperTiledImporter.dll (API version 3944462).
LogModuleManager: Display: Found up-to-date module file ../../../Engine/Plugins/2D/Paper2D/Binaries/Win64/UE4Editor-SmartSnapping.dll (API version 3944462).
LogModuleManager: Display: Found up-to-date module file ../../../Engine/Plugins/Animation/LiveLink/Binaries/Win64/UE4Editor-LiveLink.dll (API version 3944462).
LogModuleManager: Display: Found up-to-date module file ../../../Engine/Plugins/Animation/LiveLink/Binaries/Win64/UE4Editor-LiveLinkEditor.dll (API version 3944462).
LogModuleManager: Display: Found up-to-date module file ../../../Engine/Plugins/Blendables/LightPropagationVolume/Binaries/Win64/UE4Editor-LightPropagationVolumeRuntime.dll (API version 3944462).
LogModuleManager: Display: Found up-to-date module file ../../../Engine/Plugins/Blendables/LightPropagationVolume/Binaries/Win64/UE4Editor-LightPropagationVolumeEditor.dll (API version 3944462).
LogModuleManager: Display: Found up-to-date module file ../../../Engine/Plugins/Developer/CLionSourceCodeAccess/Binaries/Win64/UE4Editor-CLionSourceCodeAccess.dll (API version 3944462).
LogModuleManager: Display: Found up-to-date module file ../../../Engine/Plugins/Developer/GitSourceControl/Binaries/Win64/UE4Editor-GitSourceControl.dll (API version 3944462).
LogModuleManager: Display: Found up-to-date module file ../../../Engine/Plugins/Developer/PerforceSourceControl/Binaries/Win64/UE4Editor-PerforceSourceControl.dll (API version 3944462).
LogModuleManager: Display: Found up-to-date module file ../../../Engine/Plugins/Developer/SubversionSourceControl/Binaries/Win64/UE4Editor-SubversionSourceControl.dll (API version 3944462).
LogModuleManager: Display: Found up-to-date module file ../../../Engine/Plugins/Developer/UObjectPlugin/Binaries/Win64/UE4Editor-UObjectPlugin.dll (API version 3944462).
LogModuleManager: Display: Found up-to-date module file ../../../Engine/Plugins/Developer/VisualStudioCodeSourceCodeAccess/Binaries/Win64/UE4Editor-VisualStudioCodeSourceCodeAccess.dll (API version 3944462).
LogModuleManager: Display: Found up-to-date module file ../../../Engine/Plugins/Developer/VisualStudioSourceCodeAccess/Binaries/Win64/UE4Editor-VisualStudioSourceCodeAccess.dll (API version 3944462).
LogModuleManager: Display: Found up-to-date module file ../../../Engine/Plugins/Editor/AssetManagerEditor/Binaries/Win64/UE4Editor-AssetManagerEditor.dll (API version 3944462).
LogModuleManager: Display: Found up-to-date module file ../../../Engine/Plugins/Editor/CryptoKeys/Binaries/Win64/UE4Editor-CryptoKeys.dll (API version 3944462).
LogModuleManager: Display: Found up-to-date module file ../../../Engine/Plugins/Editor/CryptoKeys/Binaries/Win64/UE4Editor-CryptoKeysOpenSSL.dll (API version 3944462).
LogModuleManager: Display: Found up-to-date module file ../../../Engine/Plugins/Editor/DataValidation/Binaries/Win64/UE4Editor-DataValidation.dll (API version 3944462).
LogModuleManager: Display: Found up-to-date module file ../../../Engine/Plugins/Editor/FacialAnimation/Binaries/Win64/UE4Editor-FacialAnimation.dll (API version 3944462).
LogModuleManager: Display: Found up-to-date module file ../../../Engine/Plugins/Editor/FacialAnimation/Binaries/Win64/UE4Editor-FacialAnimationEditor.dll (API version 3944462).
LogModuleManager: Display: Found up-to-date module file ../../../Engine/Plugins/Editor/GameplayTagsEditor/Binaries/Win64/UE4Editor-GameplayTagsEditor.dll (API version 3944462).
LogModuleManager: Display: Found up-to-date module file ../../../Engine/Plugins/Editor/MobileLauncherProfileWizard/Binaries/Win64/UE4Editor-MobileLauncherProfileWizard.dll (API version 3944462).
LogModuleManager: Display: Found up-to-date module file ../../../Engine/Plugins/Editor/PluginBrowser/Binaries/Win64/UE4Editor-PluginBrowser.dll (API version 3944462).
LogModuleManager: Display: Found up-to-date module file ../../../Engine/Plugins/Editor/SpeedTreeImporter/Binaries/Win64/UE4Editor-SpeedTreeImporter.dll (API version 3944462).
LogModuleManager: Display: Found up-to-date module file ../../../Engine/Plugins/Enterprise/DatasmithContent/Binaries/Win64/UE4Editor-DatasmithContent.dll (API version 3944462).
LogModuleManager: Display: Found up-to-date module file ../../../Engine/Plugins/Experimental/AlembicImporter/Binaries/Win64/UE4Editor-AlembicImporter.dll (API version 3944462).
LogModuleManager: Display: Found up-to-date module file ../../../Engine/Plugins/Experimental/AlembicImporter/Binaries/Win64/UE4Editor-AlembicLibrary.dll (API version 3944462).
LogModuleManager: Display: Found up-to-date module file ../../../Engine/Plugins/Experimental/CharacterAI/Binaries/Win64/UE4Editor-CharacterAI.dll (API version 3944462).
LogModuleManager: Display: Found up-to-date module file ../../../Engine/Plugins/Experimental/HTML5Networking/Binaries/Win64/UE4Editor-HTML5Networking.dll (API version 3944462).
LogModuleManager: Display: Found up-to-date module file ../../../Engine/Plugins/Media/AndroidMedia/Binaries/Win64/UE4Editor-AndroidMediaEditor.dll (API version 3944462).
LogModuleManager: Display: Found up-to-date module file ../../../Engine/Plugins/Media/AndroidMedia/Binaries/Win64/UE4Editor-AndroidMediaFactory.dll (API version 3944462).
LogModuleManager: Display: Found up-to-date module file ../../../Engine/Plugins/Media/AvfMedia/Binaries/Win64/UE4Editor-AvfMediaEditor.dll (API version 3944462).
LogModuleManager: Display: Found up-to-date module file ../../../Engine/Plugins/Media/AvfMedia/Binaries/Win64/UE4Editor-AvfMediaFactory.dll (API version 3944462).
LogModuleManager: Display: Found up-to-date module file ../../../Engine/Plugins/Media/AvfMedia/Binaries/Win64/UE4Editor-AvfMediaFactory.dll (API version 3944462).
LogModuleManager: Display: Found up-to-date module file ../../../Engine/Plugins/Media/ImgMedia/Binaries/Win64/UE4Editor-ImgMedia.dll (API version 3944462).
LogModuleManager: Display: Found up-to-date module file ../../../Engine/Plugins/Media/ImgMedia/Binaries/Win64/UE4Editor-ImgMediaEditor.dll (API version 3944462).
LogModuleManager: Display: Found up-to-date module file ../../../Engine/Plugins/Media/ImgMedia/Binaries/Win64/UE4Editor-ImgMediaFactory.dll (API version 3944462).
LogModuleManager: Display: Found up-to-date module file ../../../Engine/Plugins/Media/ImgMedia/Binaries/Win64/UE4Editor-ImgMediaFactory.dll (API version 3944462).
LogModuleManager: Display: Found up-to-date module file ../../../Engine/Plugins/Media/ImgMedia/Binaries/Win64/UE4Editor-OpenExrWrapper.dll (API version 3944462).
LogModuleManager: Display: Found up-to-date module file ../../../Engine/Plugins/Media/LinearTimecode/Binaries/Win64/UE4Editor-LinearTimecode.dll (API version 3944462).
LogModuleManager: Display: Found up-to-date module file ../../../Engine/Plugins/Media/MediaCompositing/Binaries/Win64/UE4Editor-MediaCompositing.dll (API version 3944462).
LogModuleManager: Display: Found up-to-date module file ../../../Engine/Plugins/Media/MediaCompositing/Binaries/Win64/UE4Editor-MediaCompositingEditor.dll (API version 3944462).
LogModuleManager: Display: Found up-to-date module file ../../../Engine/Plugins/Media/MediaPlayerEditor/Binaries/Win64/UE4Editor-MediaPlayerEditor.dll (API version 3944462).
LogModuleManager: Display: Found up-to-date module file ../../../Engine/Plugins/Media/WmfMedia/Binaries/Win64/UE4Editor-WmfMedia.dll (API version 3944462).
LogModuleManager: Display: Found up-to-date module file ../../../Engine/Plugins/Media/WmfMedia/Binaries/Win64/UE4Editor-WmfMediaEditor.dll (API version 3944462).
LogModuleManager: Display: Found up-to-date module file ../../../Engine/Plugins/Media/WmfMedia/Binaries/Win64/UE4Editor-WmfMediaFactory.dll (API version 3944462).
LogModuleManager: Display: Found up-to-date module file ../../../Engine/Plugins/Media/WmfMedia/Binaries/Win64/UE4Editor-WmfMediaFactory.dll (API version 3944462).
LogModuleManager: Display: Found up-to-date module file ../../../Engine/Plugins/Messaging/TcpMessaging/Binaries/Win64/UE4Editor-TcpMessaging.dll (API version 3944462).
LogModuleManager: Display: Found up-to-date module file ../../../Engine/Plugins/Messaging/UdpMessaging/Binaries/Win64/UE4Editor-UdpMessaging.dll (API version 3944462).
LogModuleManager: Display: Found up-to-date module file ../../../Engine/Plugins/MovieScene/ActorSequence/Binaries/Win64/UE4Editor-ActorSequence.dll (API version 3944462).
LogModuleManager: Display: Found up-to-date module file ../../../Engine/Plugins/MovieScene/LevelSequenceEditor/Binaries/Win64/UE4Editor-LevelSequenceEditor.dll (API version 3944462).
LogModuleManager: Display: Found up-to-date module file ../../../Engine/Plugins/MovieScene/MatineeToLevelSequence/Binaries/Win64/UE4Editor-MatineeToLevelSequence.dll (API version 3944462).
LogModuleManager: Display: Found up-to-date module file ../../../Engine/Plugins/NetcodeUnitTest/NetcodeUnitTest/Binaries/Win64/UE4Editor-NetcodeUnitTest.dll (API version 3944462).
LogModuleManager: Display: Found up-to-date module file ../../../Engine/Plugins/NetcodeUnitTest/NUTUnrealEngine4/Binaries/Win64/UE4Editor-NUTUnrealEngine4.dll (API version 3944462).
LogModuleManager: Display: Found up-to-date module file ../../../Engine/Plugins/Online/OnlineSubsystem/Binaries/Win64/UE4Editor-OnlineSubsystem.dll (API version 3944462).
LogModuleManager: Display: Found up-to-date module file ../../../Engine/Plugins/Online/OnlineSubsystemNull/Binaries/Win64/UE4Editor-OnlineSubsystemNull.dll (API version 3944462).
LogModuleManager: Display: Found up-to-date module file ../../../Engine/Plugins/Online/OnlineSubsystemUtils/Binaries/Win64/UE4Editor-OnlineSubsystemUtils.dll (API version 3944462).
LogModuleManager: Display: Found up-to-date module file ../../../Engine/Plugins/Online/OnlineSubsystemUtils/Binaries/Win64/UE4Editor-OnlineBlueprintSupport.dll (API version 3944462).
LogModuleManager: Display: Found up-to-date module file ../../../Engine/Plugins/Runtime/AndroidDeviceProfileSelector/Binaries/Win64/UE4Editor-AndroidDeviceProfileSelector.dll (API version 3944462).
LogModuleManager: Display: Found up-to-date module file ../../../Engine/Plugins/Runtime/AndroidPermission/Binaries/Win64/UE4Editor-AndroidPermission.dll (API version 3944462).
LogModuleManager: Display: Found up-to-date module file ../../../Engine/Plugins/Runtime/AppleARKit/Binaries/Win64/UE4Editor-AppleARKit.dll (API version 3944462).
LogModuleManager: Display: Found up-to-date module file ../../../Engine/Plugins/Runtime/ArchVisCharacter/Binaries/Win64/UE4Editor-ArchVisCharacter.dll (API version 3944462).
LogModuleManager: Display: Found up-to-date module file ../../../Engine/Plugins/Runtime/AudioCapture/Binaries/Win64/UE4Editor-AudioCapture.dll (API version 3944462).
LogModuleManager: Display: Found up-to-date module file ../../../Engine/Plugins/Runtime/AudioCapture/Binaries/Win64/UE4Editor-AudioCaptureEditor.dll (API version 3944462).
LogModuleManager: Display: Found up-to-date module file ../../../Engine/Plugins/Runtime/CableComponent/Binaries/Win64/UE4Editor-CableComponent.dll (API version 3944462).
LogModuleManager: Display: Found up-to-date module file ../../../Engine/Plugins/Runtime/CustomMeshComponent/Binaries/Win64/UE4Editor-CustomMeshComponent.dll (API version 3944462).
LogModuleManager: Display: Found up-to-date module file ../../../Engine/Plugins/Runtime/ExampleDeviceProfileSelector/Binaries/Win64/UE4Editor-ExampleDeviceProfileSelector.dll (API version 3944462).
LogModuleManager: Display: Found up-to-date module file ../../../Engine/Plugins/Runtime/ImmediatePhysics/Binaries/Win64/UE4Editor-ImmediatePhysics.dll (API version 3944462).
LogModuleManager: Display: Found up-to-date module file ../../../Engine/Plugins/Runtime/ImmediatePhysics/Binaries/Win64/UE4Editor-ImmediatePhysicsEditor.dll (API version 3944462).
LogModuleManager: Display: Found up-to-date module file ../../../Engine/Plugins/Runtime/LocationServicesBPLibrary/Binaries/Win64/UE4Editor-LocationServicesBPLibrary.dll (API version 3944462).
LogModuleManager: Display: Found up-to-date module file ../../../Engine/Plugins/Runtime/MobilePatchingUtils/Binaries/Win64/UE4Editor-MobilePatchingUtils.dll (API version 3944462).
LogModuleManager: Display: Found up-to-date module file ../../../Engine/Plugins/Runtime/Oculus/OculusVR/Binaries/Win64/UE4Editor-OculusHMD.dll (API version 3944462).
LogModuleManager: Display: Found up-to-date module file ../../../Engine/Plugins/Runtime/Oculus/OculusVR/Binaries/Win64/UE4Editor-OculusInput.dll (API version 3944462).
LogModuleManager: Display: Found up-to-date module file ../../../Engine/Plugins/Runtime/Oculus/OculusVR/Binaries/Win64/UE4Editor-OculusEditor.dll (API version 3944462).
LogModuleManager: Display: Found up-to-date module file ../../../Engine/Plugins/Runtime/PhysXVehicles/Binaries/Win64/UE4Editor-PhysXVehicles.dll (API version 3944462).
LogModuleManager: Display: Found up-to-date module file ../../../Engine/Plugins/Runtime/PhysXVehicles/Binaries/Win64/UE4Editor-PhysXVehiclesEditor.dll (API version 3944462).
LogModuleManager: Display: Found up-to-date module file ../../../Engine/Plugins/Runtime/ProceduralMeshComponent/Binaries/Win64/UE4Editor-ProceduralMeshComponent.dll (API version 3944462).
LogModuleManager: Display: Found up-to-date module file ../../../Engine/Plugins/Runtime/ProceduralMeshComponent/Binaries/Win64/UE4Editor-ProceduralMeshComponentEditor.dll (API version 3944462).
LogModuleManager: Display: Found up-to-date module file ../../../Engine/Plugins/Runtime/RuntimePhysXCooking/Binaries/Win64/UE4Editor-RuntimePhysXCooking.dll (API version 3944462).
LogModuleManager: Display: Found up-to-date module file ../../../Engine/Plugins/Runtime/Steam/SteamVR/Binaries/Win64/UE4Editor-SteamVR.dll (API version 3944462).
LogModuleManager: Display: Found up-to-date module file ../../../Engine/Plugins/Runtime/Steam/SteamVR/Binaries/Win64/UE4Editor-SteamVRController.dll (API version 3944462).
LogModuleManager: Display: Found up-to-date module file ../../../Engine/Plugins/Runtime/WindowsMoviePlayer/Binaries/Win64/UE4Editor-WindowsMoviePlayer.dll (API version 3944462).
LogInit: Using libcurl 7.47.1
LogInit:  - built for x86_64-pc-win32
LogInit:  - supports SSL with OpenSSL/1.0.2g
LogInit:  - supports HTTP deflate (compression) using libz 1.2.8
LogInit:  - other features:
LogInit:      CURL_VERSION_SSL
LogInit:      CURL_VERSION_LIBZ
LogInit:      CURL_VERSION_IPV6
LogInit:      CURL_VERSION_ASYNCHDNS
LogInit:      CURL_VERSION_LARGEFILE
LogInit:      CURL_VERSION_IDN
LogInit:  CurlRequestOptions (configurable via config and command line):
LogInit:  - bVerifyPeer = false  - Libcurl will NOT verify peer certificate
LogInit:  - bUseHttpProxy = false  - Libcurl will NOT use HTTP proxy
LogInit:  - bDontReuseConnections = false  - Libcurl will reuse connections
LogInit:  - CertBundlePath = nullptr  - Libcurl will use whatever was configured at build time.
LogInit:  - MaxHostConnections = 16  - Libcurl will limit the number of connections to a host
LogInit:  - LocalHostAddr = Default
LogInit: WinSock: version 1.1 (2.2), MaxSocks=32767, MaxUdp=65467
LogInit: WinSock: I am Home (192.168.56.1:0)
LogInit: Build: ++UE4+Release-4.19-CL-3944462
LogInit: Engine Version: 4.19.0-3944462+++UE4+Release-4.19
LogInit: Compatible Engine Version: 4.19.0-3944462+++UE4+Release-4.19
LogInit: Net CL: 3944462
LogDevObjectVersion: Number of dev versions registered: 18
LogDevObjectVersion:   Dev-Blueprints (B0D832E4-1F89-4F0D-ACCF-7EB736FD4AA2): 10
LogDevObjectVersion:   Dev-Build (E1C64328-A22C-4D53-A36C-8E866417BD8C): 0
LogDevObjectVersion:   Dev-Core (375EC13C-06E4-48FB-B500-84F0262A717E): 2
LogDevObjectVersion:   Dev-Editor (E4B068ED-F494-42E9-A231-DA0B2E46BB41): 23
LogDevObjectVersion:   Dev-Framework (CFFC743F-43B0-4480-9391-14DF171D2073): 33
LogDevObjectVersion:   Dev-Mobile (B02B49B5-BB20-44E9-A304-32B752E40360): 2
LogDevObjectVersion:   Dev-Networking (A4E4105C-59A1-49B5-A7C5-40C4547EDFEE): 0
LogDevObjectVersion:   Dev-Online (39C831C9-5AE6-47DC-9A44-9C173E1C8E7C): 0
LogDevObjectVersion:   Dev-Physics (78F01B33-EBEA-4F98-B9B4-84EACCB95AA2): 0
LogDevObjectVersion:   Dev-Platform (6631380F-2D4D-43E0-8009-CF276956A95A): 0
LogDevObjectVersion:   Dev-Rendering (12F88B9F-8875-4AFC-A67C-D90C383ABD29): 25
LogDevObjectVersion:   Dev-Sequencer (7B5AE74C-D270-4C10-A958-57980B212A5A): 6
LogDevObjectVersion:   Dev-VR (D7296918-1DD6-4BDD-9DE2-64A83CC13884): 1
LogDevObjectVersion:   Dev-LoadTimes (C2A15278-BFE7-4AFE-6C17-90FF531DF755): 1
LogDevObjectVersion:   Private-Geometry (6EACA3D4-40EC-4CC1-B786-8BED09428FC5): 2
LogDevObjectVersion:   Dev-AnimPhys (29E575DD-E0A3-4627-9D10-D276232CDCEA): 16
LogDevObjectVersion:   Dev-ReflectionCapture (6B266CEC-1EC7-4B8F-A30B-E4D90942FC07): 1
LogDevObjectVersion:   Dev-Automation (0DF73D61-A23F-47EA-B727-89E90C41499A): 1
LogInit: Compiled (64-bit): Mar 13 2018 23:12:32
LogInit: Compiled with Visual C++: 19.00.24215.01
LogInit: Build Configuration: Development
LogInit: Branch Name: ++UE4+Release-4.19
LogInit: Command Line: -EpicPortal 
LogInit: Base Directory: C:/Program Files/Epic Games/UE_4.19/Engine/Binaries/Win64/
LogInit: Installed Engine Build: 1
LogStreaming: Display: Took  0.000s to delete old logs.
LogInit: Presizing for max 8388607 objects, including 0 objects not considered by GC, pre-allocating 0 bytes for permanent pool.
LogInit: Object subsystem initialized
[2018.04.11-19.38.29:991][  0]LogInit: Selected Device Profile: [Windows]
[2018.04.11-19.38.29:992][  0]LogInit: Applying CVar settings loaded from the selected device profile: [Windows]
[2018.04.11-19.38.30:047][  0]LogInit: Computer: HOME
[2018.04.11-19.38.30:047][  0]LogInit: User: Алексей
[2018.04.11-19.38.30:047][  0]LogInit: CPU Page size=4096, Cores=4
[2018.04.11-19.38.30:047][  0]LogInit: High frequency timer resolution =2.435776 MHz
[2018.04.11-19.38.30:048][  0]LogMemory: Memory total: Physical=11.9GB (12GB approx)
[2018.04.11-19.38.30:048][  0]LogMemory: Platform Memory Stats for Windows
[2018.04.11-19.38.30:048][  0]LogMemory: Process Physical Memory: 272.70 MB used, 272.70 MB peak
[2018.04.11-19.38.30:048][  0]LogMemory: Process Virtual Memory: 264.76 MB used, 264.76 MB peak
[2018.04.11-19.38.30:048][  0]LogMemory: Physical Memory: 9296.32 MB used,  2874.60 MB free, 12170.93 MB total
[2018.04.11-19.38.30:048][  0]LogMemory: Virtual Memory: 640.46 MB used,  2874.60 MB free, 134217728.00 MB total
[2018.04.11-19.38.30:069][  0]LogInit: Using OS detected language (ru-RU).
[2018.04.11-19.38.30:069][  0]LogInit: Using OS detected locale (ru-RU).
[2018.04.11-19.38.30:074][  0]LogTextLocalizationManager: No localization for 'ru-RU' exists, so 'en' will be used for the language.
[2018.04.11-19.38.30:560][  0]LogStreaming: Display: Took  0.491s to EndInitTextLocalization.
[2018.04.11-19.38.30:560][  0]LogInit: Setting process to per monitor DPI aware
[2018.04.11-19.38.30:576][  0]LogSlate: New Slate User Created.  User Index 0, Is Virtual User: 0
[2018.04.11-19.38.30:576][  0]LogSlate: Slate User Registered.  User Index 0, Is Virtual User: 0
[2018.04.11-19.38.30:801][  0]LogD3D11RHI: D3D11 adapters:
[2018.04.11-19.38.30:830][  0]LogD3D11RHI:    0. 'NVIDIA GeForce GTX 860M' (Feature Level 11_0)
[2018.04.11-19.38.30:830][  0]LogD3D11RHI:       1972/0/6085 MB DedicatedVideo/DedicatedSystem/SharedSystem, Outputs:1, VendorId:0x10de
[2018.04.11-19.38.30:836][  0]LogD3D11RHI:    1. 'Intel(R) HD Graphics 4600' (Feature Level 11_0)
[2018.04.11-19.38.30:836][  0]LogD3D11RHI:       32/0/1760 MB DedicatedVideo/DedicatedSystem/SharedSystem, Outputs:0, VendorId:0x8086
[2018.04.11-19.38.30:837][  0]LogD3D11RHI:    2. 'Microsoft Basic Render Driver' (Feature Level 11_0)
[2018.04.11-19.38.30:837][  0]LogD3D11RHI:       0/0/256 MB DedicatedVideo/DedicatedSystem/SharedSystem, Outputs:0, VendorId:0x1414
[2018.04.11-19.38.30:837][  0]LogD3D11RHI: Chosen D3D11 Adapter: 0
[2018.04.11-19.38.30:843][  0]LogD3D11RHI: Creating new Direct3DDevice
[2018.04.11-19.38.30:843][  0]LogD3D11RHI:     GPU DeviceId: 0x1392 (for the marketing name, search the web for "GPU Device Id")
[2018.04.11-19.38.30:843][  0]LogWindows: EnumDisplayDevices:
[2018.04.11-19.38.30:843][  0]LogWindows:    0. 'Intel(R) HD Graphics 4600' (P:1 D:1)
[2018.04.11-19.38.30:844][  0]LogWindows:    1. 'Intel(R) HD Graphics 4600' (P:0 D:0)
[2018.04.11-19.38.30:844][  0]LogWindows:    2. 'Intel(R) HD Graphics 4600' (P:0 D:0)
[2018.04.11-19.38.30:844][  0]LogWindows: DebugString: PrimaryIsNotTheChoosenAdapter PrimaryIsNotTheChoosenAdapter PrimaryIsNotTheChoosenAdapter FoundDriverCount:0 
[2018.04.11-19.38.30:844][  0]LogD3D11RHI:     Adapter Name: NVIDIA GeForce GTX 860M
[2018.04.11-19.38.30:844][  0]LogD3D11RHI:   Driver Version: Unknown (internal:Unknown, unified:Unknown)
[2018.04.11-19.38.30:844][  0]LogD3D11RHI:      Driver Date: Unknown
[2018.04.11-19.38.30:844][  0]LogRHI: Texture pool is 1380 MB (70% of 1972 MB)
[2018.04.11-19.38.30:857][  0]LogD3D11RHI: [Aftermath] Aftermath enabled but failed to initialize
[2018.04.11-19.38.30:857][  0]LogD3D11RHI: Async texture creation enabled
[2018.04.11-19.38.30:874][  0]LogD3D11RHI: GPU Timing Frequency: 1000.000000 (Debug: 2 2)
[2018.04.11-19.38.30:875][  0]LogShaderCompilers: Guid format shader working directory is 22 characters bigger than the processId version (D:/DARKROOM/ProLessWeight/Intermediate/Shaders/WorkingDirectory/15008/).
[2018.04.11-19.38.30:875][  0]LogShaderCompilers: Cleaned the shader compiler working directory 'C:/Users/Алексей/AppData/Local/Temp/UnrealShaderWorkingDir/80EF32C6429C6A7C29EFAD90DBF1B40A/'.
[2018.04.11-19.38.31:085][  0]LogTemp: Display: Loaded TP AllDesktopTargetPlatform
[2018.04.11-19.38.31:100][  0]LogTemp: Display: Loaded TP MacClientTargetPlatform
[2018.04.11-19.38.31:116][  0]LogTemp: Display: Loaded TP MacNoEditorTargetPlatform
[2018.04.11-19.38.31:131][  0]LogTemp: Display: Loaded TP MacServerTargetPlatform
[2018.04.11-19.38.31:147][  0]LogTemp: Display: Loaded TP MacTargetPlatform
[2018.04.11-19.38.31:164][  0]LogTemp: Display: Loaded TP WindowsClientTargetPlatform
[2018.04.11-19.38.31:179][  0]LogTemp: Display: Loaded TP WindowsNoEditorTargetPlatform
[2018.04.11-19.38.31:195][  0]LogTemp: Display: Loaded TP WindowsServerTargetPlatform
[2018.04.11-19.38.31:205][  0]LogTemp: Display: Loaded TP WindowsTargetPlatform
[2018.04.11-19.38.31:219][  0]LogTemp: Display: Loaded TP Android_ASTCTargetPlatform
[2018.04.11-19.38.31:232][  0]LogTemp: Display: Loaded TP Android_ATCTargetPlatform
[2018.04.11-19.38.31:247][  0]LogTemp: Display: Loaded TP Android_DXTTargetPlatform
[2018.04.11-19.38.31:262][  0]LogTemp: Display: Loaded TP Android_ETC1aTargetPlatform
[2018.04.11-19.38.31:276][  0]LogTemp: Display: Loaded TP Android_ETC1TargetPlatform
[2018.04.11-19.38.31:289][  0]LogTemp: Display: Loaded TP Android_ETC2TargetPlatform
[2018.04.11-19.38.31:316][  0]LogTemp: Display: Loaded TP Android_MultiTargetPlatform
[2018.04.11-19.38.31:316][  0]LogTemp: Display: Loaded TP Android_PVRTCTargetPlatform
[2018.04.11-19.38.31:331][  0]LogTemp: Display: Loaded TP AndroidTargetPlatform
[2018.04.11-19.38.31:333][  0]LogTemp: Display: Loaded TP HTML5TargetPlatform
[2018.04.11-19.38.31:378][  0]LogTemp: Display: Loaded TP IOSTargetPlatform
[2018.04.11-19.38.31:397][  0]LogTemp: Display: Loaded TP TVOSTargetPlatform
[2018.04.11-19.38.31:416][  0]LogTemp: Display: Loaded TP LinuxClientTargetPlatform
[2018.04.11-19.38.31:433][  0]LogTemp: Display: Loaded TP LinuxNoEditorTargetPlatform
[2018.04.11-19.38.31:448][  0]LogTemp: Display: Loaded TP LinuxServerTargetPlatform
[2018.04.11-19.38.31:466][  0]LogTemp: Display: Loaded TP LinuxTargetPlatform
[2018.04.11-19.38.31:466][  0]LogTargetPlatformManager: Display: Building Assets For Windows
[2018.04.11-19.38.31:623][  0]LogXGEController: Cannot use XGE Controller as Incredibuild is not installed on this machine.
[2018.04.11-19.38.31:623][  0]LogShaderCompilers: Cannot use XGE Shader Compiler as Incredibuild is not installed on this machine.
[2018.04.11-19.38.31:623][  0]LogShaderCompilers: Display: Using Local Shader Compiler.
[2018.04.11-19.38.32:615][  0]LogDerivedDataCache: Display: Max Cache Size: 512 MB
[2018.04.11-19.38.32:745][  0]LogDerivedDataCache: Loaded boot cache 0.13s 76MB C:/Users/Алексей/AppData/Local/UnrealEngine/4.19/DerivedDataCache/Boot.ddc.
[2018.04.11-19.38.32:748][  0]LogDerivedDataCache: Display: Loaded Boot cache: C:/Users/Алексей/AppData/Local/UnrealEngine/4.19/DerivedDataCache/Boot.ddc
[2018.04.11-19.38.32:748][  0]LogDerivedDataCache: FDerivedDataBackendGraph:  Pak pak cache file D:/DARKROOM/ProLessWeight/DerivedDataCache/DDC.ddp not found, will not use a pak cache.
[2018.04.11-19.38.32:748][  0]LogDerivedDataCache: Unable to find inner node Pak for hierarchical cache Hierarchy.
[2018.04.11-19.38.32:748][  0]LogDerivedDataCache: FDerivedDataBackendGraph:  CompressedPak pak cache file D:/DARKROOM/ProLessWeight/DerivedDataCache/Compressed.ddp not found, will not use a pak cache.
[2018.04.11-19.38.32:748][  0]LogDerivedDataCache: Unable to find inner node CompressedPak for hierarchical cache Hierarchy.
[2018.04.11-19.38.32:778][  0]LogDerivedDataCache: Display: Pak cache opened for reading ../../../Engine/DerivedDataCache/Compressed.ddp.
[2018.04.11-19.38.32:792][  0]LogDerivedDataCache: Using Local data cache path C:/Users/Алексей/AppData/Local/UnrealEngine/Common/DerivedDataCache: Writable
[2018.04.11-19.38.32:808][  0]LogMaterial: Verifying Global Shaders for PCD3D_SM5
[2018.04.11-19.38.32:808][  0]LogSlate: Using Freetype 2.6.0
[2018.04.11-19.38.32:809][  0]LogSlate: SlateFontCache - WITH_FREETYPE: 1, WITH_HARFBUZZ: 1
[2018.04.11-19.38.32:809][  0]LogSlate: SlateFontCache - WITH_FREETYPE: 1, WITH_HARFBUZZ: 1
[2018.04.11-19.38.32:995][  0]LogAssetRegistry: FAssetRegistry took 0.0289 seconds to start up
[2018.04.11-19.38.33:358][  0]LogInit: Selected Device Profile: [Windows]
[2018.04.11-19.38.33:525][  0]LogSimplygon: Simplygon DLL not present - disabling.
[2018.04.11-19.38.33:528][  0]LogMeshReduction: Using SimplygonSwarm for distributed automatic mesh merging
[2018.04.11-19.38.33:528][  0]LogMeshReduction: Using QuadricMeshReduction for automatic static mesh reduction
[2018.04.11-19.38.33:528][  0]LogMeshReduction: No automatic skeletal mesh reduction module available
[2018.04.11-19.38.33:528][  0]LogMeshReduction: No automatic mesh merging module available
[2018.04.11-19.38.33:528][  0]LogMeshMerging: No automatic mesh merging module available
[2018.04.11-19.38.33:563][  0]LogNetVersion: ProLessWeight , NetCL: 3944462, EngineNetVer: 2, GameNetVer: 0 (Checksum: 1934946257)
[2018.04.11-19.38.34:036][  0]LogPackageLocalizationCache: Processed 9 localized package path(s) for 1 prioritized culture(s) in 0.033053 seconds
[2018.04.11-19.38.34:043][  0]LogUObjectArray: 36728 objects as part of root set at end of initial load.
[2018.04.11-19.38.34:043][  0]LogUObjectAllocator: 7314312 out of 0 bytes used by permanent object pool.
[2018.04.11-19.38.34:043][  0]LogUObjectArray: CloseDisregardForGC: 0/0 objects in disregard for GC pool
[2018.04.11-19.38.36:157][  0]LogTcpMessaging: Initializing TcpMessaging bridge
[2018.04.11-19.38.36:198][  0]LogUdpMessaging: Initializing bridge on interface 0.0.0.0:0 to multicast group 230.0.0.1:6666.
[2018.04.11-19.38.44:757][  0]LogSkeletalMesh: Skeletal Mesh found in DDC [29.319609ms] /Game/FirstPerson/Character/Mesh/SK_Mannequin_Arms.SK_Mannequin_Arms
[2018.04.11-19.38.44:824][  0]LogSkeletalMesh: Skeletal Mesh found in DDC [1.041968ms] /Game/FirstPerson/FPWeapon/Mesh/SK_FPGun.SK_FPGun
[2018.04.11-19.38.45:059][  0]SourceControl: Source control is disabled
[2018.04.11-19.38.45:059][  0]SourceControl: Source control is disabled
[2018.04.11-19.38.45:083][  0]SourceControl: Source control is disabled
[2018.04.11-19.38.45:105][  0]SourceControl: Source control is disabled
[2018.04.11-19.38.45:676][  0]LogAndroidPermission: UAndroidPermissionCallbackProxy::GetInstance
[2018.04.11-19.38.45:837][  0]LogOcInput: OculusInput pre-init called
[2018.04.11-19.38.45:973][  0]LogEngine: Initializing Engine...
[2018.04.11-19.38.45:975][  0]LogHMD: Failed to initialize OpenVR with code 110
[2018.04.11-19.38.45:977][  0]LogStats: UGameplayTagsManager::ConstructGameplayTagTree: Construct from data asset -  0.000 s
[2018.04.11-19.38.45:978][  0]LogStats: UGameplayTagsManager::ConstructGameplayTagTree: GameplayTagTreeChangedEvent.Broadcast -  0.000 s
[2018.04.11-19.38.46:278][  0]LogAIModule: Creating AISystem for world Untitled
[2018.04.11-19.38.46:294][  0]LogInit: XAudio2 using 'Speakers (Realtek High Definition Audio)' : 2 channels at 48 kHz using 32 bits per sample (channel mask 0x3)
[2018.04.11-19.38.46:303][  0]LogInit: FAudioDevice initialized.
[2018.04.11-19.38.48:379][  0]LogDerivedDataCache: Saved boot cache 2.07s 76MB C:/Users/Алексей/AppData/Local/UnrealEngine/4.19/DerivedDataCache/Boot.ddc.
[2018.04.11-19.38.48:399][  0]LogInit: Texture streaming: Enabled
[2018.04.11-19.38.48:428][  0]LogEngineSessionManager: EngineSessionManager initialized
[2018.04.11-19.38.48:467][  0]LogInit: Transaction tracking system initialized
[2018.04.11-19.38.48:506][  0]BlueprintLog: New page: Editor Load
[2018.04.11-19.38.48:717][  0]LocalizationService: Localization service is disabled
[2018.04.11-19.38.48:836][  0]LogConsoleResponse: Display: 
[2018.04.11-19.38.49:191][  0]LogCook: Display: Max memory allowance for cook 16384mb min free memory 0mb
[2018.04.11-19.38.49:191][  0]LogCook: Display: Mobile HDR setting 1
[2018.04.11-19.38.49:191][  0]LogGameplayTags: Display: UGameplayTagsManager::DoneAddingNativeTags. DelegateIsBound: 0
[2018.04.11-19.38.49:191][  0]LogStats: UGameplayTagsManager::ConstructGameplayTagTree: Construct from data asset -  0.000 s
[2018.04.11-19.38.49:191][  0]LogStats: UGameplayTagsManager::ConstructGameplayTagTree: GameplayTagTreeChangedEvent.Broadcast -  0.000 s
[2018.04.11-19.38.49:628][  0]LogFileCache: Scanning file cache for directory 'D:/DARKROOM/ProLessWeight/Content/' took 0.01s
[2018.04.11-19.38.49:635][  0]SourceControl: Source control is disabled
[2018.04.11-19.38.49:636][  0]Cmd: MAP LOAD FILE="D:/DARKROOM/ProLessWeight/Content/FirstPersonCPP/Maps/FirstPersonExampleMap.umap" TEMPLATE=0 SHOWPROGRESS=1 FEATURELEVEL=3
[2018.04.11-19.38.49:636][  0]LightingResults: New page: Lighting Build
[2018.04.11-19.38.49:639][  0]MapCheck: New page: Map Check
[2018.04.11-19.38.49:639][  0]LightingResults: New page: Lighting Build
[2018.04.11-19.38.51:667][  0]LogAIModule: Creating AISystem for world FirstPersonExampleMap
[2018.04.11-19.38.52:169][  0]LogEditorServer: Finished looking for orphan Actors (0.000 secs)
[2018.04.11-19.38.52:297][  0]Cmd: MAP CHECKDEP NOCLEARLOG
[2018.04.11-19.38.52:399][  0]MapCheck: Map check complete: 0 Error(s), 0 Warning(s), took 101,705ms to complete.
[2018.04.11-19.38.52:399][  0]LogFileHelpers: Loading map 'FirstPersonExampleMap' took 2.763
[2018.04.11-19.38.54:370][  0]LogCollectionManager: Loaded 0 collections in 0.001744 seconds
[2018.04.11-19.38.55:060][  0]LogFileCache: Scanning file cache for directory 'D:/DARKROOM/ProLessWeight/Saved/Collections/' took 0.01s
[2018.04.11-19.38.55:060][  0]LogFileCache: Scanning file cache for directory 'D:/DARKROOM/ProLessWeight/Content/Developers/Алексей/Collections/' took 0.01s
[2018.04.11-19.38.55:060][  0]LogFileCache: Scanning file cache for directory 'D:/DARKROOM/ProLessWeight/Content/Collections/' took 0.01s
[2018.04.11-19.38.55:060][  0]LogCollectionManager: Rebuilt the GUID cache for 0 collections in 0.000001 seconds
[2018.04.11-19.38.55:144][  0]LogContentBrowser: Native class hierarchy populated in 0.0449 seconds. Added 2456 classes and 560 folders.
[2018.04.11-19.38.55:456][  0]LogContentBrowser: Native class hierarchy updated for 'WidgetCarousel' in 0.0329 seconds. Added 0 classes and 0 folders.
[2018.04.11-19.39.00:604][  0]LogContentBrowser: Native class hierarchy updated for 'AddContentDialog' in 0.0009 seconds. Added 0 classes and 0 folders.
[2018.04.11-19.39.00:731][  0]LogContentBrowser: Native class hierarchy updated for 'SceneOutliner' in 0.0008 seconds. Added 1 classes and 2 folders.
[2018.04.11-19.39.02:780][  0]LogSlate: Took 0.000358 seconds to synchronously load lazily loaded font '../../../Engine/Content/Slate/Fonts/Roboto-Regular.ttf' (155K)
[2018.04.11-19.39.02:782][  0]LogSlate: Took 0.000279 seconds to synchronously load lazily loaded font '../../../Engine/Content/Slate/Fonts/Roboto-Bold.ttf' (160K)
[2018.04.11-19.39.02:839][  0]LogSlate: Took 0.033646 seconds to synchronously load lazily loaded font '../../../Engine/Content/Editor/Slate/Fonts/FontAwesome.ttf' (139K)
[2018.04.11-19.39.03:483][  0]LogRenderer: Reallocating scene render targets to support 860x436 Format 10 NumSamples 1 (Frame:1).
[2018.04.11-19.39.03:981][  0]LogContentBrowser: Native class hierarchy updated for 'HierarchicalLODOutliner' in 0.0009 seconds. Added 0 classes and 0 folders.
[2018.04.11-19.39.03:981][  0]LogLoad: (Engine Initialization) Total time: 37.77 seconds
[2018.04.11-19.39.03:981][  0]LogLoad: (Engine Initialization) Total Blueprint compile time: 0.00 seconds
[2018.04.11-19.39.04:337][  0]LogContentStreaming: Texture pool size now 1000 MB
[2018.04.11-19.39.04:747][  0]LogSlate: Took 0.067916 seconds to synchronously load lazily loaded font '../../../Engine/Content/Slate/Fonts/Roboto-Light.ttf' (167K)
[2018.04.11-19.39.09:114][ 14]LogSlate: FSceneViewport::OnFocusLost() reason 0
[2018.04.11-19.39.16:132][419]LogAssetRegistry: Asset discovery search completed in 43.1584 seconds
[2018.04.11-19.39.16:136][419]LogCollectionManager: Rebuilt the object cache for 0 collections in 0.000001 seconds (found 0 objects)
[2018.04.11-19.39.16:136][419]LogCollectionManager: Fixed up redirectors for 0 collections in 0.000080 seconds (updated 0 objects)
[2018.04.11-19.39.24:408][903]LogEditorViewport: Clicking on Actor (LMB): TextRenderActor (TemplateLabel)
[2018.04.11-19.39.26:377][  0]Cmd: DELETE
[2018.04.11-19.39.26:377][  0]Cmd: ACTOR DELETE
[2018.04.11-19.39.26:591][  0]LogEditorActor: Deleted Actor: TextRenderActor
[2018.04.11-19.39.26:602][  0]LogEditorActor: Deleted 1 Actors (0.110 secs)
[2018.04.11-19.39.29:812][192]LogSlate: FSceneViewport::OnFocusLost() reason 0
[2018.04.11-19.39.55:103][644]LogSlate: Took 0.000781 seconds to synchronously load lazily loaded font '../../../Engine/Content/Slate/Fonts/Roboto-Light.ttf' (167K)
[2018.04.11-19.39.55:210][644]LogMaterial: Missing cached shader map for material EmissionMaterial, compiling. 
[2018.04.11-19.39.56:173][644]LogMaterial: Missing cached shader map for material EmissionMaterial, compiling. 
[2018.04.11-19.39.56:184][644]LogShaderCompilers: Display: Shaders left to compile 16
[2018.04.11-19.39.56:184][644]LogShaderCompilers: Display: Shaders left to compile 15
[2018.04.11-19.39.56:184][644]LogShaderCompilers: Display: Shaders left to compile 14
[2018.04.11-19.39.56:184][644]LogShaderCompilers: Display: Shaders left to compile 13
[2018.04.11-19.39.56:279][644]LogSlate: Took 0.032040 seconds to synchronously load lazily loaded font '../../../Engine/Content/Slate/Fonts/Roboto-BoldCondensed.ttf' (158K)
[2018.04.11-19.39.59:771][782]LogShaderCompilers: Display: Shaders left to compile 12
[2018.04.11-19.39.59:771][782]LogShaderCompilers: Display: Shaders left to compile 11
[2018.04.11-19.39.59:771][782]LogShaderCompilers: Display: Shaders left to compile 10
[2018.04.11-19.39.59:798][783]LogShaderCompilers: Display: Shaders left to compile 9
[2018.04.11-19.40.00:003][794]LogShaderCompilers: Display: Shaders left to compile 8
[2018.04.11-19.40.00:003][794]LogShaderCompilers: Display: Shaders left to compile 7
[2018.04.11-19.40.00:033][795]LogShaderCompilers: Display: Shaders left to compile 6
[2018.04.11-19.40.00:261][807]LogShaderCompilers: Display: Shaders left to compile 5
[2018.04.11-19.40.00:281][808]LogShaderCompilers: Display: Shaders left to compile 4
[2018.04.11-19.40.00:540][822]LogShaderCompilers: Display: Shaders left to compile 3
[2018.04.11-19.40.00:557][823]LogShaderCompilers: Display: Shaders left to compile 2
[2018.04.11-19.40.00:706][831]LogShaderCompilers: Display: Shaders left to compile 1
[2018.04.11-19.40.02:387][927]LogMaterial: Missing cached shader map for material EmissionMaterial, compiling. 
[2018.04.11-19.40.02:407][927]LogShaderCompilers: Display: Shaders left to compile 16
[2018.04.11-19.40.02:407][927]LogShaderCompilers: Display: Shaders left to compile 15
[2018.04.11-19.40.02:407][927]LogShaderCompilers: Display: Shaders left to compile 14
[2018.04.11-19.40.02:407][927]LogShaderCompilers: Display: Shaders left to compile 13
[2018.04.11-19.40.02:407][927]LogMaterial: Missing cached shader map for material FMatExpressionPreview MaterialExpressionVectorParameter_0, compiling. 
[2018.04.11-19.40.02:577][928]LogSlate: Took 0.022439 seconds to synchronously load lazily loaded font '../../../Engine/Content/Slate/Fonts/Roboto-Italic.ttf' (157K)
[2018.04.11-19.40.02:602][929]LogShaderCompilers: Display: Shaders left to compile 14
[2018.04.11-19.40.02:747][936]LogShaderCompilers: Display: Shaders left to compile 13
[2018.04.11-19.40.02:747][936]LogShaderCompilers: Display: Shaders left to compile 12
[2018.04.11-19.40.02:747][936]LogShaderCompilers: Display: Shaders left to compile 11
[2018.04.11-19.40.02:861][942]LogShaderCompilers: Display: Shaders left to compile 10
[2018.04.11-19.40.02:978][947]LogShaderCompilers: Display: Shaders left to compile 9
[2018.04.11-19.40.03:017][949]LogShaderCompilers: Display: Shaders left to compile 8
[2018.04.11-19.40.03:256][959]LogShaderCompilers: Display: Shaders left to compile 7
[2018.04.11-19.40.03:281][960]LogShaderCompilers: Display: Shaders left to compile 6
[2018.04.11-19.40.03:454][968]LogShaderCompilers: Display: Shaders left to compile 5
[2018.04.11-19.40.03:560][973]LogShaderCompilers: Display: Shaders left to compile 4
[2018.04.11-19.40.03:579][974]LogShaderCompilers: Display: Shaders left to compile 3
[2018.04.11-19.40.03:834][986]LogShaderCompilers: Display: Shaders left to compile 2
[2018.04.11-19.40.03:880][988]LogShaderCompilers: Display: Shaders left to compile 1
[2018.04.11-19.40.04:056][992]MaterialEditorStats: Base pass shader: 99 instructions
[2018.04.11-19.40.04:056][992]MaterialEditorStats: Base pass shader with Volumetric Lightmap: 172 instructions
[2018.04.11-19.40.04:056][992]MaterialEditorStats: Vertex shader: 34 instructions
[2018.04.11-19.40.04:056][992]MaterialEditorStats: Texture samplers: 2/16
[2018.04.11-19.40.15:301][659]LogMaterial: Missing cached shader map for material EmissionMaterial, compiling. 
[2018.04.11-19.40.15:329][659]LogShaderCompilers: Display: Shaders left to compile 16
[2018.04.11-19.40.15:329][659]LogShaderCompilers: Display: Shaders left to compile 15
[2018.04.11-19.40.15:329][659]LogShaderCompilers: Display: Shaders left to compile 14
[2018.04.11-19.40.15:329][659]LogShaderCompilers: Display: Shaders left to compile 13
[2018.04.11-19.40.15:343][659]LogMaterial: Missing cached shader map for material FMatExpressionPreview MaterialExpressionVectorParameter_0, compiling. 
[2018.04.11-19.40.15:607][668]LogShaderCompilers: Display: Shaders left to compile 14
[2018.04.11-19.40.15:627][669]LogShaderCompilers: Display: Shaders left to compile 13
[2018.04.11-19.40.15:627][669]LogShaderCompilers: Display: Shaders left to compile 12
[2018.04.11-19.40.15:627][669]LogShaderCompilers: Display: Shaders left to compile 11
[2018.04.11-19.40.15:847][680]LogShaderCompilers: Display: Shaders left to compile 10
[2018.04.11-19.40.15:868][681]LogShaderCompilers: Display: Shaders left to compile 9
[2018.04.11-19.40.15:869][681]LogShaderCompilers: Display: Shaders left to compile 8
[2018.04.11-19.40.16:021][688]LogMaterial: Missing cached shader map for material EmissionMaterial, compiling. 
[2018.04.11-19.40.16:129][689]LogShaderCompilers: Display: Shaders left to compile 18
[2018.04.11-19.40.16:163][690]LogShaderCompilers: Display: Shaders left to compile 17
[2018.04.11-19.40.16:397][701]LogShaderCompilers: Display: Shaders left to compile 16
[2018.04.11-19.40.16:397][701]LogShaderCompilers: Display: Shaders left to compile 15
[2018.04.11-19.40.16:437][703]LogShaderCompilers: Display: Shaders left to compile 14
[2018.04.11-19.40.16:495][706]LogShaderCompilers: Display: Shaders left to compile 13
[2018.04.11-19.40.16:691][715]LogShaderCompilers: Display: Shaders left to compile 12
[2018.04.11-19.40.16:733][717]LogShaderCompilers: Display: Shaders left to compile 11
[2018.04.11-19.40.16:733][717]LogShaderCompilers: Display: Shaders left to compile 10
[2018.04.11-19.40.16:749][718]LogShaderCompilers: Display: Shaders left to compile 9
[2018.04.11-19.40.16:956][728]LogShaderCompilers: Display: Shaders left to compile 8
[2018.04.11-19.40.16:956][728]LogShaderCompilers: Display: Shaders left to compile 7
[2018.04.11-19.40.16:997][730]LogShaderCompilers: Display: Shaders left to compile 6
[2018.04.11-19.40.17:239][741]LogShaderCompilers: Display: Shaders left to compile 5
[2018.04.11-19.40.17:265][742]LogShaderCompilers: Display: Shaders left to compile 4
[2018.04.11-19.40.17:526][754]LogShaderCompilers: Display: Shaders left to compile 3
[2018.04.11-19.40.17:549][755]LogShaderCompilers: Display: Shaders left to compile 2
[2018.04.11-19.40.17:571][756]LogShaderCompilers: Display: Shaders left to compile 1
[2018.04.11-19.40.18:026][778]MaterialEditorStats: Base pass shader: 99 instructions
[2018.04.11-19.40.18:026][778]MaterialEditorStats: Base pass shader with Volumetric Lightmap: 172 instructions
[2018.04.11-19.40.18:026][778]MaterialEditorStats: Vertex shader: 34 instructions
[2018.04.11-19.40.18:026][778]MaterialEditorStats: Texture samplers: 2/16
[2018.04.11-19.40.21:649][992]LogMaterial: Missing cached shader map for material EmissionMaterial, compiling. 
[2018.04.11-19.40.21:678][992]LogShaderCompilers: Display: Shaders left to compile 16
[2018.04.11-19.40.21:678][992]LogShaderCompilers: Display: Shaders left to compile 15
[2018.04.11-19.40.21:678][992]LogShaderCompilers: Display: Shaders left to compile 14
[2018.04.11-19.40.21:678][992]LogShaderCompilers: Display: Shaders left to compile 13
[2018.04.11-19.40.21:681][992]LogMaterial: Missing cached shader map for material EmissionMaterial, compiling. 
[2018.04.11-19.40.21:933][  2]LogShaderCompilers: Display: Shaders left to compile 16
[2018.04.11-19.40.21:998][  5]LogShaderCompilers: Display: Shaders left to compile 15
[2018.04.11-19.40.22:049][  6]LogShaderCompilers: Display: Shaders left to compile 14
[2018.04.11-19.40.22:072][  7]LogShaderCompilers: Display: Shaders left to compile 13
[2018.04.11-19.40.22:274][ 13]LogShaderCompilers: Display: Shaders left to compile 12
[2018.04.11-19.40.22:335][ 15]LogMaterial: Missing cached shader map for material EmissionMaterial, compiling. 
[2018.04.11-19.40.22:374][ 16]LogShaderCompilers: Display: Shaders left to compile 16
[2018.04.11-19.40.22:390][ 17]LogShaderCompilers: Display: Shaders left to compile 15
[2018.04.11-19.40.22:466][ 21]LogShaderCompilers: Display: Shaders left to compile 14
[2018.04.11-19.40.22:544][ 25]LogShaderCompilers: Display: Shaders left to compile 13
[2018.04.11-19.40.22:668][ 31]LogShaderCompilers: Display: Shaders left to compile 12
[2018.04.11-19.40.22:690][ 32]LogShaderCompilers: Display: Shaders left to compile 11
[2018.04.11-19.40.22:753][ 35]LogShaderCompilers: Display: Shaders left to compile 10
[2018.04.11-19.40.22:797][ 37]LogShaderCompilers: Display: Shaders left to compile 9
[2018.04.11-19.40.22:929][ 43]LogShaderCompilers: Display: Shaders left to compile 8
[2018.04.11-19.40.22:949][ 44]LogShaderCompilers: Display: Shaders left to compile 7
[2018.04.11-19.40.23:015][ 47]LogShaderCompilers: Display: Shaders left to compile 6
[2018.04.11-19.40.23:265][ 58]LogShaderCompilers: Display: Shaders left to compile 5
[2018.04.11-19.40.23:338][ 61]LogShaderCompilers: Display: Shaders left to compile 4
[2018.04.11-19.40.23:524][ 69]LogShaderCompilers: Display: Shaders left to compile 3
[2018.04.11-19.40.23:638][ 74]LogShaderCompilers: Display: Shaders left to compile 2
[2018.04.11-19.40.23:663][ 75]LogShaderCompilers: Display: Shaders left to compile 1
[2018.04.11-19.40.24:363][110]MaterialEditorStats: Base pass shader: 99 instructions
[2018.04.11-19.40.24:363][110]MaterialEditorStats: Base pass shader with Volumetric Lightmap: 172 instructions
[2018.04.11-19.40.24:363][110]MaterialEditorStats: Vertex shader: 34 instructions
[2018.04.11-19.40.24:363][110]MaterialEditorStats: Texture samplers: 2/16
[2018.04.11-19.40.25:646][183]LogMaterial: Missing cached shader map for material EmissionMaterial, compiling. 
[2018.04.11-19.40.25:670][184]LogShaderCompilers: Display: Shaders left to compile 16
[2018.04.11-19.40.25:671][184]LogShaderCompilers: Display: Shaders left to compile 15
[2018.04.11-19.40.25:671][184]LogShaderCompilers: Display: Shaders left to compile 14
[2018.04.11-19.40.25:671][184]LogShaderCompilers: Display: Shaders left to compile 13
[2018.04.11-19.40.26:117][199]LogShaderCompilers: Display: Shaders left to compile 12
[2018.04.11-19.40.26:117][199]LogShaderCompilers: Display: Shaders left to compile 11
[2018.04.11-19.40.26:148][200]LogShaderCompilers: Display: Shaders left to compile 10
[2018.04.11-19.40.26:149][200]LogShaderCompilers: Display: Shaders left to compile 9
[2018.04.11-19.40.26:378][210]LogShaderCompilers: Display: Shaders left to compile 8
[2018.04.11-19.40.26:378][210]LogShaderCompilers: Display: Shaders left to compile 7
[2018.04.11-19.40.26:418][212]LogShaderCompilers: Display: Shaders left to compile 6
[2018.04.11-19.40.26:668][223]LogShaderCompilers: Display: Shaders left to compile 5
[2018.04.11-19.40.26:669][223]LogShaderCompilers: Display: Shaders left to compile 4
[2018.04.11-19.40.26:882][233]LogShaderCompilers: Display: Shaders left to compile 3
[2018.04.11-19.40.26:958][237]LogShaderCompilers: Display: Shaders left to compile 2
[2018.04.11-19.40.26:975][238]LogShaderCompilers: Display: Shaders left to compile 1
[2018.04.11-19.40.27:052][242]LogMaterial: Missing cached shader map for material EmissionMaterial, compiling. 
[2018.04.11-19.40.27:078][242]LogMaterial: Missing cached shader map for material FMatExpressionPreview MaterialExpressionVectorParameter_0, compiling. 
[2018.04.11-19.40.27:265][248]LogShaderCompilers: Display: Shaders left to compile 18
[2018.04.11-19.40.27:265][248]LogShaderCompilers: Display: Shaders left to compile 17
[2018.04.11-19.40.27:366][253]LogShaderCompilers: Display: Shaders left to compile 16
[2018.04.11-19.40.27:460][257]LogShaderCompilers: Display: Shaders left to compile 15
[2018.04.11-19.40.27:597][263]LogShaderCompilers: Display: Shaders left to compile 14
[2018.04.11-19.40.27:597][263]LogShaderCompilers: Display: Shaders left to compile 13
[2018.04.11-19.40.27:664][266]LogShaderCompilers: Display: Shaders left to compile 12
[2018.04.11-19.40.27:729][269]LogShaderCompilers: Display: Shaders left to compile 11
[2018.04.11-19.40.27:842][274]LogShaderCompilers: Display: Shaders left to compile 10
[2018.04.11-19.40.27:861][275]LogShaderCompilers: Display: Shaders left to compile 9
[2018.04.11-19.40.27:936][279]LogShaderCompilers: Display: Shaders left to compile 8
[2018.04.11-19.40.28:167][290]LogShaderCompilers: Display: Shaders left to compile 7
[2018.04.11-19.40.28:243][294]LogShaderCompilers: Display: Shaders left to compile 6
[2018.04.11-19.40.28:392][302]LogShaderCompilers: Display: Shaders left to compile 5
[2018.04.11-19.40.28:491][307]LogShaderCompilers: Display: Shaders left to compile 4
[2018.04.11-19.40.28:524][309]LogShaderCompilers: Display: Shaders left to compile 3
[2018.04.11-19.40.28:749][320]LogShaderCompilers: Display: Shaders left to compile 2
[2018.04.11-19.40.28:809][323]LogShaderCompilers: Display: Shaders left to compile 1
[2018.04.11-19.40.29:330][353]LogMaterial: Missing cached shader map for material EmissionMaterial, compiling. 
[2018.04.11-19.40.29:354][354]LogShaderCompilers: Display: Shaders left to compile 16
[2018.04.11-19.40.29:354][354]LogShaderCompilers: Display: Shaders left to compile 15
[2018.04.11-19.40.29:354][354]LogShaderCompilers: Display: Shaders left to compile 14
[2018.04.11-19.40.29:354][354]LogShaderCompilers: Display: Shaders left to compile 13
[2018.04.11-19.40.29:643][367]LogShaderCompilers: Display: Shaders left to compile 12
[2018.04.11-19.40.29:686][369]LogShaderCompilers: Display: Shaders left to compile 11
[2018.04.11-19.40.29:687][369]LogShaderCompilers: Display: Shaders left to compile 10
[2018.04.11-19.40.29:708][370]LogShaderCompilers: Display: Shaders left to compile 9
[2018.04.11-19.40.29:877][376]LogShaderCompilers: Display: Shaders left to compile 8
[2018.04.11-19.40.29:942][379]LogShaderCompilers: Display: Shaders left to compile 7
[2018.04.11-19.40.29:942][379]LogShaderCompilers: Display: Shaders left to compile 6
[2018.04.11-19.40.30:224][392]LogShaderCompilers: Display: Shaders left to compile 5
[2018.04.11-19.40.30:225][392]LogShaderCompilers: Display: Shaders left to compile 4
[2018.04.11-19.40.30:449][401]LogShaderCompilers: Display: Shaders left to compile 3
[2018.04.11-19.40.30:553][405]LogShaderCompilers: Display: Shaders left to compile 2
[2018.04.11-19.40.30:553][405]LogShaderCompilers: Display: Shaders left to compile 1
[2018.04.11-19.40.31:181][436]MaterialEditorStats: Base pass shader: 100 instructions
[2018.04.11-19.40.31:181][436]MaterialEditorStats: Base pass shader with Volumetric Lightmap: 173 instructions
[2018.04.11-19.40.31:181][436]MaterialEditorStats: Vertex shader: 34 instructions
[2018.04.11-19.40.31:181][436]MaterialEditorStats: Texture samplers: 2/16
[2018.04.11-19.40.33:893][589]LogMaterial: Missing cached shader map for material EmissionMaterial, compiling. 
[2018.04.11-19.40.33:908][589]LogShaderCompilers: Display: Shaders left to compile 16
[2018.04.11-19.40.33:908][589]LogShaderCompilers: Display: Shaders left to compile 15
[2018.04.11-19.40.33:908][589]LogShaderCompilers: Display: Shaders left to compile 14
[2018.04.11-19.40.33:908][589]LogShaderCompilers: Display: Shaders left to compile 13
[2018.04.11-19.40.33:910][589]LogMaterial: Missing cached shader map for material FMatExpressionPreview MaterialExpressionVectorParameter_0, compiling. 
[2018.04.11-19.40.34:194][600]LogShaderCompilers: Display: Shaders left to compile 14
[2018.04.11-19.40.34:283][604]LogShaderCompilers: Display: Shaders left to compile 13
[2018.04.11-19.40.34:284][604]LogShaderCompilers: Display: Shaders left to compile 12
[2018.04.11-19.40.34:303][605]LogShaderCompilers: Display: Shaders left to compile 11
[2018.04.11-19.40.34:451][611]LogShaderCompilers: Display: Shaders left to compile 10
[2018.04.11-19.40.34:550][615]LogShaderCompilers: Display: Shaders left to compile 9
[2018.04.11-19.40.34:550][615]LogShaderCompilers: Display: Shaders left to compile 8
[2018.04.11-19.40.34:779][625]LogMaterial: Missing cached shader map for material EmissionMaterial, compiling. 
[2018.04.11-19.40.34:803][625]LogMaterial: Missing cached shader map for material FMatExpressionPreview MaterialExpressionVectorParameter_0, compiling. 
[2018.04.11-19.40.34:819][625]LogShaderCompilers: Display: Shaders left to compile 16
[2018.04.11-19.40.34:831][625]LogSlate: Window 'Color Picker' being destroyed
[2018.04.11-19.40.34:859][626]LogShaderCompilers: Display: Shaders left to compile 17
[2018.04.11-19.40.35:047][634]LogShaderCompilers: Display: Shaders left to compile 16
[2018.04.11-19.40.35:111][637]LogShaderCompilers: Display: Shaders left to compile 15
[2018.04.11-19.40.35:148][639]LogShaderCompilers: Display: Shaders left to compile 14
[2018.04.11-19.40.35:215][642]LogShaderCompilers: Display: Shaders left to compile 13
[2018.04.11-19.40.35:348][648]LogShaderCompilers: Display: Shaders left to compile 12
[2018.04.11-19.40.35:387][650]LogShaderCompilers: Display: Shaders left to compile 11
[2018.04.11-19.40.35:426][652]LogShaderCompilers: Display: Shaders left to compile 10
[2018.04.11-19.40.35:464][654]LogShaderCompilers: Display: Shaders left to compile 9
[2018.04.11-19.40.35:636][662]LogShaderCompilers: Display: Shaders left to compile 8
[2018.04.11-19.40.35:816][670]LogShaderCompilers: Display: Shaders left to compile 7
[2018.04.11-19.40.35:952][676]LogShaderCompilers: Display: Shaders left to compile 6
[2018.04.11-19.40.35:978][677]LogShaderCompilers: Display: Shaders left to compile 5
[2018.04.11-19.40.36:215][686]LogShaderCompilers: Display: Shaders left to compile 4
[2018.04.11-19.40.36:265][689]LogShaderCompilers: Display: Shaders left to compile 3
[2018.04.11-19.40.36:484][699]LogShaderCompilers: Display: Shaders left to compile 2
[2018.04.11-19.40.36:508][700]LogShaderCompilers: Display: Shaders left to compile 1
[2018.04.11-19.40.36:719][710]MaterialEditorStats: Base pass shader: 100 instructions
[2018.04.11-19.40.36:719][710]MaterialEditorStats: Base pass shader with Volumetric Lightmap: 173 instructions
[2018.04.11-19.40.36:719][710]MaterialEditorStats: Vertex shader: 34 instructions
[2018.04.11-19.40.36:719][710]MaterialEditorStats: Texture samplers: 2/16
[2018.04.11-19.40.37:555][760]LogMaterialEditor: Saving and Compiling material EmissionMaterial
[2018.04.11-19.40.38:185][760]LogMaterial: Missing cached shader map for material EmissionMaterial, compiling. 
[2018.04.11-19.40.38:223][760]LogShaderCompilers: Display: Shaders left to compile 16
[2018.04.11-19.40.38:223][760]LogShaderCompilers: Display: Shaders left to compile 15
[2018.04.11-19.40.38:223][760]LogShaderCompilers: Display: Shaders left to compile 14
[2018.04.11-19.40.38:223][760]LogShaderCompilers: Display: Shaders left to compile 13
[2018.04.11-19.40.38:237][760]LogMaterial: Missing cached shader map for material EmissionMaterial, compiling. 
[2018.04.11-19.40.38:268][760]LogMaterial: Missing cached shader map for material EmissionMaterial, compiling. 
[2018.04.11-19.40.38:307][760]LogMaterial: Missing cached shader map for material FDebugViewModeMaterialProxy EmissionMaterial, compiling. 
[2018.04.11-19.40.39:483][760]LogShaderCompilers: Display: Shaders left to compile 35
[2018.04.11-19.40.39:483][760]LogShaderCompilers: Display: Shaders left to compile 34
[2018.04.11-19.40.39:483][760]LogShaderCompilers: Display: Shaders left to compile 33
[2018.04.11-19.40.39:483][760]LogShaderCompilers: Display: Shaders left to compile 32
[2018.04.11-19.40.39:483][760]LogShaderCompilers: Display: Shaders left to compile 31
[2018.04.11-19.40.39:483][760]LogShaderCompilers: Display: Shaders left to compile 30
[2018.04.11-19.40.39:483][760]LogShaderCompilers: Display: Shaders left to compile 29
[2018.04.11-19.40.39:483][760]LogShaderCompilers: Display: Shaders left to compile 28
[2018.04.11-19.40.39:483][760]LogShaderCompilers: Display: Shaders left to compile 27
[2018.04.11-19.40.39:483][760]LogShaderCompilers: Display: Shaders left to compile 26
[2018.04.11-19.40.39:483][760]LogShaderCompilers: Display: Shaders left to compile 25
[2018.04.11-19.40.39:483][760]LogShaderCompilers: Display: Shaders left to compile 24
[2018.04.11-19.40.39:483][760]LogShaderCompilers: Display: Shaders left to compile 23
[2018.04.11-19.40.39:483][760]LogShaderCompilers: Display: Shaders left to compile 22
[2018.04.11-19.40.39:483][760]LogShaderCompilers: Display: Shaders left to compile 12
[2018.04.11-19.40.39:483][760]LogShaderCompilers: Display: Shaders left to compile 2
[2018.04.11-19.40.39:520][760]TextureStreamingBuild: Display: Compiling optional shaders took 1.221 seconds.
[2018.04.11-19.40.41:885][760]Cmd: OBJ SAVEPACKAGE PACKAGE="/Game/Data/EmissionMaterial" FILE="D:/DARKROOM/ProLessWeight/Content/Data/EmissionMaterial.uasset" SILENT=true
[2018.04.11-19.40.41:894][760]LogSavePackage: Save=8.40ms
[2018.04.11-19.40.41:895][760]LogSavePackage: Moving 'D:/DARKROOM/ProLessWeight/Saved/EmissionMaterial9A6981994F859EF7748D39A5DCFEC676.tmp' to 'D:/DARKROOM/ProLessWeight/Content/Data/EmissionMaterial.uasset'
[2018.04.11-19.40.41:896][760]LogSavePackage: Display: Finished SavePackage D:/DARKROOM/ProLessWeight/Content/Data/EmissionMaterial.uasset
[2018.04.11-19.40.41:908][760]MaterialEditorStats: Base pass shader: 100 instructions
[2018.04.11-19.40.41:908][760]MaterialEditorStats: Base pass shader with Volumetric Lightmap: 173 instructions
[2018.04.11-19.40.41:908][760]MaterialEditorStats: Vertex shader: 34 instructions
[2018.04.11-19.40.41:908][760]MaterialEditorStats: Texture samplers: 3/16
[2018.04.11-19.40.44:317][902]LogSlate: Window 'EmissionMaterial' being destroyed
[2018.04.11-19.40.44:321][902]LogSlate: Window 'EmissionMaterial' being destroyed
[2018.04.11-19.41.56:452][452]LogSavePackage: Save=118.62ms
[2018.04.11-19.41.56:452][452]LogSavePackage: Moving 'D:/DARKROOM/ProLessWeight/Saved/FirstPersonExampleMap4044D0E940D096D4F5FB41AAFED4A295.tmp' to 'D:/DARKROOM/ProLessWeight/Content/FirstPersonCPP/Maps/FirstPersonExampleMap.umap'
[2018.04.11-19.41.56:454][452]LogSavePackage: Display: Finished SavePackage D:/DARKROOM/ProLessWeight/Content/FirstPersonCPP/Maps/FirstPersonExampleMap.umap
[2018.04.11-19.41.56:470][452]LogFileHelpers: Saving map 'FirstPersonExampleMap' took 0.275
